<?xml version="1.0" encoding="UTF-8"?>
<!-- Generated by org.testng.reporters.JUnitReportReporter -->
<testsuite hostname="DESKTOP-O7R6489" failures="0" tests="1" name="testngflags.Prog2" time="0.010" errors="0" timestamp="2022-06-09T16:07:05 IST" skipped="0">
  <testcase classname="testngflags.Prog2" name="f" time="0.010"/>
  <system-out/>
</testsuite> <!-- testngflags.Prog2 -->
