<?xml version="1.0" encoding="UTF-8"?>
<!-- Generated by org.testng.reporters.JUnitReportReporter -->
<testsuite hostname="DESKTOP-O7R6489" failures="0" tests="3" name="testAnnotations.TestValidLogin" time="74.502" errors="0" timestamp="2022-06-10T16:38:54 IST" skipped="0">
  <testcase classname="testAnnotations.TestValidLogin" name="search3" time="26.619"/>
  <system-out/>
  <testcase classname="testAnnotations.TestValidLogin" name="search2" time="25.115"/>
  <system-out/>
  <testcase classname="testAnnotations.TestValidLogin" name="search1" time="22.768"/>
  <system-out/>
</testsuite> <!-- testAnnotations.TestValidLogin -->
