<?xml version="1.0" encoding="UTF-8"?>
<!-- Generated by org.testng.reporters.JUnitReportReporter -->
<testsuite hostname="DESKTOP-O7R6489" failures="0" tests="2" name="testAnnotations.NewTest" time="0.009" errors="0" timestamp="2022-06-10T16:28:33 IST" skipped="0">
  <testcase classname="testAnnotations.NewTest" name="test2" time="0.002"/>
  <system-out>
    <![CDATA[Test case2]]>
  </system-out>
  <testcase classname="testAnnotations.NewTest" name="test1" time="0.007"/>
  <system-out>
    <![CDATA[Test case1]]>
  </system-out>
</testsuite> <!-- testAnnotations.NewTest -->
