<?xml version="1.0" encoding="UTF-8"?>
<!-- Generated by org.testng.reporters.JUnitReportReporter -->
<testsuite hostname="DESKTOP-O7R6489" failures="0" tests="5" name="testAnnotations.DataProvioderCode" time="83.150" errors="0" timestamp="2022-06-10T16:45:47 IST" skipped="0">
  <testcase classname="testAnnotations.DataProvioderCode" name="loginToActiTime" time="16.429"/>
  <system-out/>
  <testcase classname="testAnnotations.DataProvioderCode" name="loginToActiTime" time="17.073"/>
  <system-out/>
  <testcase classname="testAnnotations.DataProvioderCode" name="loginToActiTime" time="16.456"/>
  <system-out/>
  <testcase classname="testAnnotations.DataProvioderCode" name="loginToActiTime" time="16.656"/>
  <system-out/>
  <testcase classname="testAnnotations.DataProvioderCode" name="loginToActiTime" time="16.536"/>
  <system-out/>
</testsuite> <!-- testAnnotations.DataProvioderCode -->
