<?xml version="1.0" encoding="UTF-8"?>
<!-- Generated by org.testng.reporters.JUnitReportReporter -->
<testsuite hostname="DESKTOP-O7R6489" failures="0" tests="1" name="testngflags.Flag1" time="0.011" errors="0" timestamp="2022-06-04T17:44:47 IST" skipped="0">
  <testcase classname="testngflags.Flag1" name="login" time="0.011"/>
  <system-out>
    <![CDATA[login is performed ]]>
  </system-out>
</testsuite> <!-- testngflags.Flag1 -->
