<?xml version="1.0" encoding="UTF-8"?>
<!-- Generated by org.testng.reporters.JUnitReportReporter -->
<testsuite hostname="DESKTOP-O7R6489" failures="0" tests="2" name="testngflags.Prog1" time="0.011" errors="0" timestamp="2022-06-09T16:05:05 IST" skipped="0">
  <testcase classname="testngflags.Prog1" name="method1" time="0.010"/>
  <system-out>
    <![CDATA[1  thread id
method1]]>
  </system-out>
  <testcase classname="testngflags.Prog1" name="method2" time="0.001"/>
  <system-out>
    <![CDATA[1  thread id
method2]]>
  </system-out>
</testsuite> <!-- testngflags.Prog1 -->
