<?xml version="1.0" encoding="UTF-8"?>
<!-- Generated by org.testng.reporters.JUnitReportReporter -->
<testsuite hostname="DESKTOP-O7R6489" failures="0" tests="1" name="testngpack.Demo" time="0.012" errors="0" timestamp="2022-06-03T09:56:11 IST" skipped="0">
  <testcase classname="testngpack.Demo" name="method1" time="0.012"/>
  <system-out>
    <![CDATA[method executed]]>
  </system-out>
</testsuite> <!-- testngpack.Demo -->
