<?xml version="1.0" encoding="UTF-8"?>
<!-- Generated by org.testng.reporters.JUnitReportReporter -->
<testsuite hostname="DESKTOP-O7R6489" failures="0" tests="3" name="testngflags.depend" time="0.015" errors="0" timestamp="2022-06-09T16:16:52 IST" skipped="0">
  <testcase classname="testngflags.depend" name="logout" time="0.002"/>
  <system-out>
    <![CDATA[logout from  actitime]]>
  </system-out>
  <testcase classname="testngflags.depend" name="login" time="0.011"/>
  <system-out>
    <![CDATA[login to actitime]]>
  </system-out>
  <testcase classname="testngflags.depend" name="createContact" time="0.002"/>
  <system-out>
    <![CDATA[Create contact]]>
  </system-out>
</testsuite> <!-- testngflags.depend -->
